Last activity: Sun May 17 14:23:19 UTC 2026
Last activity: Sun May 17 14:32:42 UTC 2026
Snake run at Sun May 17 14:34:19 UTC 2026
Snake run at Sun May 17 19:15:07 UTC 2026
Last activity: Sun May 17 20:28:58 UTC 2026
Last activity: Sun May 17 23:37:43 UTC 2026
Snake run at Sun May 17 23:39:50 UTC 2026
Last activity: Sun May 17 23:40:52 UTC 2026
Last activity: Sun May 17 23:42:03 UTC 2026
Snake run at Sun May 17 23:44:06 UTC 2026
Last activity: Mon May 18 03:43:32 UTC 2026
Snake run at Mon May 18 04:06:07 UTC 2026
Last activity: Mon May 18 10:05:57 UTC 2026
Snake run at Mon May 18 10:13:15 UTC 2026
Last activity: Mon May 18 15:34:02 UTC 2026
Snake run at Mon May 18 15:41:55 UTC 2026
Last activity: Mon May 18 19:45:06 UTC 2026
Snake run at Mon May 18 19:49:05 UTC 2026
Last activity: Tue May 19 03:37:23 UTC 2026
Snake run at Tue May 19 03:59:06 UTC 2026
Last activity: Tue May 19 09:44:32 UTC 2026
Snake run at Tue May 19 09:54:32 UTC 2026
Last activity: Tue May 19 15:24:03 UTC 2026
Snake run at Tue May 19 15:34:38 UTC 2026
Last activity: Tue May 19 19:52:37 UTC 2026
Snake run at Tue May 19 19:56:39 UTC 2026
Last activity: Wed May 20 03:37:54 UTC 2026
